2023-04-03 00:03:49.160332 - Initialized conversion of CBT404
2023-04-03 00:03:51.250516 - Received CBT.V504.FILE404.PDS from FILE404.XMI 
2023-04-03 00:03:51.253319 - Found $$$#DATE.txt (text/plain) in CBT.V504.FILE404.PDS, moved to PDS/$$$#DATE
2023-04-03 00:03:51.254501 - Found $$$INDEX.txt (text/plain) in CBT.V504.FILE404.PDS, moved to PDS/$$$INDEX
2023-04-03 00:03:51.255630 - Found $$$NOTE0.txt (text/plain) in CBT.V504.FILE404.PDS, moved to PDS/$$$NOTE0
2023-04-03 00:03:51.256682 - Found $$$NOTE1.txt (text/plain) in CBT.V504.FILE404.PDS, moved to PDS/$$$NOTE1
2023-04-03 00:03:51.257645 - Found $$ENHANC.txt (text/plain) in CBT.V504.FILE404.PDS, moved to PDS/$$ENHANC
2023-04-03 00:03:51.258567 - Found $$NOTE1.txt (text/plain) in CBT.V504.FILE404.PDS, moved to PDS/$$NOTE1
2023-04-03 00:03:51.259676 - Found $$NOTE2.txt (text/plain) in CBT.V504.FILE404.PDS, moved to PDS/$$NOTE2
2023-04-03 00:03:51.261580 - Found $$NOTE3.eml (message/rfc822), moved to CBT404/$$NOTE3.eml
2023-04-03 00:03:51.262558 - Found $$NOTE4.txt (text/plain) in CBT.V504.FILE404.PDS, moved to PDS/$$NOTE4
2023-04-03 00:03:51.263613 - Found $$NOTE5.txt (text/plain) in CBT.V504.FILE404.PDS, moved to PDS/$$NOTE5
2023-04-03 00:03:51.264605 - Found $$NOTE6.txt (text/plain) in CBT.V504.FILE404.PDS, moved to PDS/$$NOTE6
2023-04-03 00:03:51.264616 - Found $$PREZ18.bin containing application/octet-stream, moved to PDS/$$PREZ18
2023-04-03 00:03:51.272760 - Found $$SPMON.txt (text/plain) in CBT.V504.FILE404.PDS, moved to PDS/$$SPMON
2023-04-03 00:03:51.273869 - Found $$43AGCO.txt (text/plain) in CBT.V504.FILE404.PDS, moved to PDS/$$43AGCO
2023-04-03 00:03:51.274852 - Found $$43P$GD.txt (text/plain) in CBT.V504.FILE404.PDS, moved to PDS/$$43P$GD
2023-04-03 00:03:51.275774 - Found $EEJNOTE.txt (text/plain) in CBT.V504.FILE404.PDS, moved to PDS/$EEJNOTE
2023-04-03 00:03:51.328702 - Found $EEJSUPC.xmi (application/xmit) in CBT.V504.FILE404.PDS
2023-04-03 00:03:51.332876   - Received to CBT404/SUPERC.LIST
2023-04-03 00:03:51.334012 - Found $ENDOFDA.jcl (text/plain) in CBT.V504.FILE404.PDS, moved to PDS/$ENDOFDA
2023-04-03 00:03:51.334918 - Found $FIXZ18.txt (text/plain) in CBT.V504.FILE404.PDS, moved to PDS/$FIXZ18
2023-04-03 00:03:51.335947 - Found $FXZOS18.txt (text/plain) in CBT.V504.FILE404.PDS, moved to PDS/$FXZOS18
2023-04-03 00:03:51.336950 - Found $PAYROLL.jcl (text/plain) in CBT.V504.FILE404.PDS, moved to PDS/$PAYROLL
2023-04-03 00:03:51.337983 - Found $PDSLOAD.jcl (text/plain) in CBT.V504.FILE404.PDS, moved to PDS/$PDSLOAD
2023-04-03 00:03:51.338901 - Found $PVWNOTE.txt (text/plain) in CBT.V504.FILE404.PDS, moved to PDS/$PVWNOTE
2023-04-03 00:03:51.341054 - De-xmi-ed $TSSODOC to CBT404/docs/$TSSODOC.doc
2023-04-03 00:03:51.342240 - Found @FILE404.txt (text/plain) in CBT.V504.FILE404.PDS, moved to PDS/@FILE404
2023-04-03 00:03:51.343412 - Found AGCOASM.jcl (text/plain) in CBT.V504.FILE404.PDS, moved to PDS/AGCOASM
2023-04-03 00:03:51.344481 - Found ALOCCACH.txt (text/plain) in CBT.V504.FILE404.PDS, moved to PDS/ALOCCACH
2023-04-03 00:03:51.345561 - Found ALTAOF.txt (text/plain) in CBT.V504.FILE404.PDS, moved to PDS/ALTAOF
2023-04-03 00:03:51.346555 - Found AOFBATH.txt (text/plain) in CBT.V504.FILE404.PDS, moved to PDS/AOFBATH
2023-04-03 00:03:51.347505 - Found AOFIVP.txt (text/plain) in CBT.V504.FILE404.PDS, moved to PDS/AOFIVP
2023-04-03 00:03:51.348514 - Found AOFSEAG.txt (text/plain) in CBT.V504.FILE404.PDS, moved to PDS/AOFSEAG
2023-04-03 00:03:51.433336 - Found APFLIB.xmi (application/xmit) in CBT.V504.FILE404.PDS
2023-04-03 00:03:51.484335   - Received RECFM=U data, stored XMIT file as CBT404/APFLIB.xmi
2023-04-03 00:03:51.485609 - Found ASMALL.jcl (text/plain) in CBT.V504.FILE404.PDS, moved to PDS/ASMALL
2023-04-03 00:03:51.486751 - Found ASMA9ALL.jcl (text/plain) in CBT.V504.FILE404.PDS, moved to PDS/ASMA9ALL
2023-04-03 00:03:51.488046 - Found ASMA9ONE.jcl (text/plain) in CBT.V504.FILE404.PDS, moved to PDS/ASMA9ONE
2023-04-03 00:03:51.489320 - Found ASMA9ONN.jcl (text/plain) in CBT.V504.FILE404.PDS, moved to PDS/ASMA9ONN
2023-04-03 00:03:51.490432 - Found ASMONE.jcl (text/plain) in CBT.V504.FILE404.PDS, moved to PDS/ASMONE
2023-04-03 00:03:51.491454 - Found ASMTAB.txt (text/plain) in CBT.V504.FILE404.PDS, moved to PDS/ASMTAB
2023-04-03 00:03:51.492818 - Found ASMTABLE.jcl (text/plain) in CBT.V504.FILE404.PDS, moved to PDS/ASMTABLE
2023-04-03 00:03:51.493952 - Found ASMTSSO.jcl (text/plain) in CBT.V504.FILE404.PDS, moved to PDS/ASMTSSO
2023-04-03 00:03:51.495033 - Found BSCAN.txt (text/plain) in CBT.V504.FILE404.PDS, moved to PDS/BSCAN
2023-04-03 00:03:51.496169 - Found CACHE.txt (text/plain) in CBT.V504.FILE404.PDS, moved to PDS/CACHE
2023-04-03 00:03:51.497273 - Found CLISTS.txt (text/plain) in CBT.V504.FILE404.PDS, moved to PDS/CLISTS
2023-04-03 00:03:51.498348 - Found COPYPROC.jcl (text/plain) in CBT.V504.FILE404.PDS, moved to PDS/COPYPROC
2023-04-03 00:03:51.499327 - Found CPCMD.txt (text/plain) in CBT.V504.FILE404.PDS, moved to PDS/CPCMD
2023-04-03 00:03:51.500566 - Found DATAAREA.txt (text/plain) in CBT.V504.FILE404.PDS, moved to PDS/DATAAREA
2023-04-03 00:03:51.501567 - Found DISPAOF.txt (text/plain) in CBT.V504.FILE404.PDS, moved to PDS/DISPAOF
2023-04-03 00:03:51.502631 - Found EF.txt (text/plain) in CBT.V504.FILE404.PDS, moved to PDS/EF
2023-04-03 00:03:51.503643 - Found EQUATES.txt (text/plain) in CBT.V504.FILE404.PDS, moved to PDS/EQUATES
2023-04-03 00:03:51.504845 - Found EXASK.txt (text/plain) in CBT.V504.FILE404.PDS, moved to PDS/EXASK
2023-04-03 00:03:51.505864 - Found EXCHKSPL.txt (text/plain) in CBT.V504.FILE404.PDS, moved to PDS/EXCHKSPL
2023-04-03 00:03:51.506947 - Found EXJOBS.txt (text/plain) in CBT.V504.FILE404.PDS, moved to PDS/EXJOBS
2023-04-03 00:03:51.507964 - Found EXSTVTAM.txt (text/plain) in CBT.V504.FILE404.PDS, moved to PDS/EXSTVTAM
2023-04-03 00:03:51.508949 - Found EYE.txt (text/plain) in CBT.V504.FILE404.PDS, moved to PDS/EYE
2023-04-03 00:03:51.510012 - Found EYECATCH.txt (text/plain) in CBT.V504.FILE404.PDS, moved to PDS/EYECATCH
2023-04-03 00:03:51.510976 - Found FORMAT.txt (text/plain) in CBT.V504.FILE404.PDS, moved to PDS/FORMAT
2023-04-03 00:03:51.512025 - Found GENMTAPE.jcl (text/plain) in CBT.V504.FILE404.PDS, moved to PDS/GENMTAPE
2023-04-03 00:03:51.513080 - Found GENTAPE.jcl (text/plain) in CBT.V504.FILE404.PDS, moved to PDS/GENTAPE
2023-04-03 00:03:51.514483 - Found GETCVT.txt (text/plain) in CBT.V504.FILE404.PDS, moved to PDS/GETCVT
2023-04-03 00:03:51.515928 - Found ISXA.txt (text/plain) in CBT.V504.FILE404.PDS, moved to PDS/ISXA
2023-04-03 00:03:51.517451 - Found JCECVT.txt (text/plain) in CBT.V504.FILE404.PDS, moved to PDS/JCECVT
2023-04-03 00:03:51.518850 - Found LINKLIST.txt (text/plain) in CBT.V504.FILE404.PDS, moved to PDS/LINKLIST
2023-04-03 00:03:51.520122 - Found LIONRPLY.txt (text/plain) in CBT.V504.FILE404.PDS, moved to PDS/LIONRPLY
2023-04-03 00:03:51.521512 - Found MENTER.txt (text/plain) in CBT.V504.FILE404.PDS, moved to PDS/MENTER
2023-04-03 00:03:51.522835 - Found MLEAVE.txt (text/plain) in CBT.V504.FILE404.PDS, moved to PDS/MLEAVE
2023-04-03 00:03:51.524049 - Found MPFLSTSE.txt (text/plain) in CBT.V504.FILE404.PDS, moved to PDS/MPFLSTSE
2023-04-03 00:03:51.525426 - Found MULT.txt (text/plain) in CBT.V504.FILE404.PDS, moved to PDS/MULT
2023-04-03 00:03:51.526635 - Found NCFOSATH.txt (text/plain) in CBT.V504.FILE404.PDS, moved to PDS/NCFOSATH
2023-04-03 00:03:51.527785 - Found NCFOSCMD.txt (text/plain) in CBT.V504.FILE404.PDS, moved to PDS/NCFOSCMD
2023-04-03 00:03:51.528956 - Found OPCMDMSG.txt (text/plain) in CBT.V504.FILE404.PDS, moved to PDS/OPCMDMSG
2023-04-03 00:03:51.530281 - Found ORIGAOF.txt (text/plain) in CBT.V504.FILE404.PDS, moved to PDS/ORIGAOF
2023-04-03 00:03:51.531439 - Found OSASK.txt (text/plain) in CBT.V504.FILE404.PDS, moved to PDS/OSASK
2023-04-03 00:03:51.532662 - Found OSASKX.txt (text/plain) in CBT.V504.FILE404.PDS, moved to PDS/OSASKX
2023-04-03 00:03:51.533800 - Found OSASKY.txt (text/plain) in CBT.V504.FILE404.PDS, moved to PDS/OSASKY
2023-04-03 00:03:51.535040 - Found OSCMD.txt (text/plain) in CBT.V504.FILE404.PDS, moved to PDS/OSCMD
2023-04-03 00:03:51.536068 - Found OSCMDATH.txt (text/plain) in CBT.V504.FILE404.PDS, moved to PDS/OSCMDATH
2023-04-03 00:03:51.537163 - Found OSCMDICB.txt (text/plain) in CBT.V504.FILE404.PDS, moved to PDS/OSCMDICB
2023-04-03 00:03:51.538488 - Found OSPAUSE.txt (text/plain) in CBT.V504.FILE404.PDS, moved to PDS/OSPAUSE
2023-04-03 00:03:51.539912 - Found OSWAIT.txt (text/plain) in CBT.V504.FILE404.PDS, moved to PDS/OSWAIT
2023-04-03 00:03:51.541106 - Found OSWAITRC.txt (text/plain) in CBT.V504.FILE404.PDS, moved to PDS/OSWAITRC
2023-04-03 00:03:51.542254 - Found OSWTO.txt (text/plain) in CBT.V504.FILE404.PDS, moved to PDS/OSWTO
2023-04-03 00:03:51.551096 - Found PDSLOAD.xmi (application/xmit) in CBT.V504.FILE404.PDS
2023-04-03 00:03:51.560503   - Received RECFM=U data, stored XMIT file as CBT404/PDSLOAD.xmi
2023-04-03 00:03:51.561751 - Found PSIASM.jcl (text/plain) in CBT.V504.FILE404.PDS, moved to PDS/PSIASM
2023-04-03 00:03:51.562915 - Found PTFS42.txt (text/plain) in CBT.V504.FILE404.PDS, moved to PDS/PTFS42
2023-04-03 00:03:51.563990 - Found PTFS43.txt (text/plain) in CBT.V504.FILE404.PDS, moved to PDS/PTFS43
2023-04-03 00:03:51.565012 - Found RELGDE41.txt (text/plain) in CBT.V504.FILE404.PDS, moved to PDS/RELGDE41
2023-04-03 00:03:51.566167 - Found RELGDE42.txt (text/plain) in CBT.V504.FILE404.PDS, moved to PDS/RELGDE42
2023-04-03 00:03:51.567479 - Found RELGDE43.txt (text/plain) in CBT.V504.FILE404.PDS, moved to PDS/RELGDE43
2023-04-03 00:03:51.568650 - Found REPLY.txt (text/plain) in CBT.V504.FILE404.PDS, moved to PDS/REPLY
2023-04-03 00:03:51.569968 - Found REPLYLOA.txt (text/plain) in CBT.V504.FILE404.PDS, moved to PDS/REPLYLOA
2023-04-03 00:03:51.571352 - Found REPLYLOB.txt (text/plain) in CBT.V504.FILE404.PDS, moved to PDS/REPLYLOB
2023-04-03 00:03:51.572388 - Found RPSASM.jcl (text/plain) in CBT.V504.FILE404.PDS, moved to PDS/RPSASM
2023-04-03 00:03:51.573726 - Found RUNASM.jcl (text/plain) in CBT.V504.FILE404.PDS, moved to PDS/RUNASM
2023-04-03 00:03:51.574824 - Found SAMPPARM.txt (text/plain) in CBT.V504.FILE404.PDS, moved to PDS/SAMPPARM
2023-04-03 00:03:51.575837 - Found SEAGUGIP.txt (text/plain) in CBT.V504.FILE404.PDS, moved to PDS/SEAGUGIP
2023-04-03 00:03:51.577225 - Found SEAGUGJC.jcl (text/plain) in CBT.V504.FILE404.PDS, moved to PDS/SEAGUGJC
2023-04-03 00:03:51.578449 - Found SEAGUGOP.txt (text/plain) in CBT.V504.FILE404.PDS, moved to PDS/SEAGUGOP
2023-04-03 00:03:51.579607 - Found SETMODE.txt (text/plain) in CBT.V504.FILE404.PDS, moved to PDS/SETMODE
2023-04-03 00:03:51.580753 - Found SETPARSE.txt (text/plain) in CBT.V504.FILE404.PDS, moved to PDS/SETPARSE
2023-04-03 00:03:51.581906 - Found SPMON.txt (text/plain) in CBT.V504.FILE404.PDS, moved to PDS/SPMON
2023-04-03 00:03:51.583116 - Found SSCONCB.txt (text/plain) in CBT.V504.FILE404.PDS, moved to PDS/SSCONCB
2023-04-03 00:03:51.584135 - Found SSCONCBH.txt (text/plain) in CBT.V504.FILE404.PDS, moved to PDS/SSCONCBH
2023-04-03 00:03:51.585162 - Found SSID.txt (text/plain) in CBT.V504.FILE404.PDS, moved to PDS/SSID
2023-04-03 00:03:51.586109 - Found TABEND.txt (text/plain) in CBT.V504.FILE404.PDS, moved to PDS/TABEND
2023-04-03 00:03:51.587318 - Found TABENTRY.txt (text/plain) in CBT.V504.FILE404.PDS, moved to PDS/TABENTRY
2023-04-03 00:03:51.588440 - Found TABSTART.txt (text/plain) in CBT.V504.FILE404.PDS, moved to PDS/TABSTART
2023-04-03 00:03:51.589511 - Found TAOFNTRY.txt (text/plain) in CBT.V504.FILE404.PDS, moved to PDS/TAOFNTRY
2023-04-03 00:03:51.590445 - Found TLINE.txt (text/plain) in CBT.V504.FILE404.PDS, moved to PDS/TLINE
2023-04-03 00:03:51.591490 - Found TSSLRACF.txt (text/plain) in CBT.V504.FILE404.PDS, moved to PDS/TSSLRACF
2023-04-03 00:03:51.592832 - Found TSSO.txt (text/plain) in CBT.V504.FILE404.PDS, moved to PDS/TSSO
2023-04-03 00:03:51.593892 - Found TSSOCCMD.txt (text/plain) in CBT.V504.FILE404.PDS, moved to PDS/TSSOCCMD
2023-04-03 00:03:51.594880 - Found TSSOCMND.txt (text/plain) in CBT.V504.FILE404.PDS, moved to PDS/TSSOCMND
2023-04-03 00:03:51.595996 - Found TSSOCVT.txt (text/plain) in CBT.V504.FILE404.PDS, moved to PDS/TSSOCVT
2023-04-03 00:03:51.597171 - Found TSSODATD.txt (text/plain) in CBT.V504.FILE404.PDS, moved to PDS/TSSODATD
2023-04-03 00:03:51.598166 - Found TSSODOCM.txt (text/plain) in CBT.V504.FILE404.PDS, moved to PDS/TSSODOCM
2023-04-03 00:03:51.599125 - Found TSSOESTA.txt (text/plain) in CBT.V504.FILE404.PDS, moved to PDS/TSSOESTA
2023-04-03 00:03:51.600157 - Found TSSOGAPF.txt (text/plain) in CBT.V504.FILE404.PDS, moved to PDS/TSSOGAPF
2023-04-03 00:03:51.601082 - Found TSSOGSSC.txt (text/plain) in CBT.V504.FILE404.PDS, moved to PDS/TSSOGSSC
2023-04-03 00:03:51.602047 - Found TSSOINIT.txt (text/plain) in CBT.V504.FILE404.PDS, moved to PDS/TSSOINIT
2023-04-03 00:03:51.603033 - Found TSSOINI1.txt (text/plain) in CBT.V504.FILE404.PDS, moved to PDS/TSSOINI1
2023-04-03 00:03:51.604107 - Found TSSOINI2.txt (text/plain) in CBT.V504.FILE404.PDS, moved to PDS/TSSOINI2
2023-04-03 00:03:51.605282 - Found TSSOINI3.txt (text/plain) in CBT.V504.FILE404.PDS, moved to PDS/TSSOINI3
2023-04-03 00:03:51.606386 - Found TSSOINI4.txt (text/plain) in CBT.V504.FILE404.PDS, moved to PDS/TSSOINI4
2023-04-03 00:03:51.607402 - Found TSSOINI5.txt (text/plain) in CBT.V504.FILE404.PDS, moved to PDS/TSSOINI5
2023-04-03 00:03:51.608405 - Found TSSOLAOF.txt (text/plain) in CBT.V504.FILE404.PDS, moved to PDS/TSSOLAOF
2023-04-03 00:03:51.609457 - Found TSSOMAIN.txt (text/plain) in CBT.V504.FILE404.PDS, moved to PDS/TSSOMAIN
2023-04-03 00:03:51.610531 - Found TSSONDSA.txt (text/plain) in CBT.V504.FILE404.PDS, moved to PDS/TSSONDSA
2023-04-03 00:03:51.611610 - Found TSSOPARS.txt (text/plain) in CBT.V504.FILE404.PDS, moved to PDS/TSSOPARS
2023-04-03 00:03:51.612671 - Found TSSOPCMD.txt (text/plain) in CBT.V504.FILE404.PDS, moved to PDS/TSSOPCMD
2023-04-03 00:03:51.613685 - Found TSSOPREC.txt (text/plain) in CBT.V504.FILE404.PDS, moved to PDS/TSSOPREC
2023-04-03 00:03:51.614734 - Found TSSOPROC.txt (text/plain) in CBT.V504.FILE404.PDS, moved to PDS/TSSOPROC
2023-04-03 00:03:51.615797 - Found TSSORATH.txt (text/plain) in CBT.V504.FILE404.PDS, moved to PDS/TSSORATH
2023-04-03 00:03:51.616756 - Found TSSOSECR.txt (text/plain) in CBT.V504.FILE404.PDS, moved to PDS/TSSOSECR
2023-04-03 00:03:51.617747 - Found TSSOSS09.txt (text/plain) in CBT.V504.FILE404.PDS, moved to PDS/TSSOSS09
2023-04-03 00:03:51.618688 - Found TSSOSS10.txt (text/plain) in CBT.V504.FILE404.PDS, moved to PDS/TSSOSS10
2023-04-03 00:03:51.619653 - Found TSSOTERM.txt (text/plain) in CBT.V504.FILE404.PDS, moved to PDS/TSSOTERM
2023-04-03 00:03:51.620746 - Found TSSOWTO.txt (text/plain) in CBT.V504.FILE404.PDS, moved to PDS/TSSOWTO
2023-04-03 00:03:51.621849 - Found TSS0INI2.txt (text/plain) in CBT.V504.FILE404.PDS, moved to PDS/TSS0INI2
2023-04-03 00:03:51.621866 - Found UG43IMPT.bin containing application/octet-stream, moved to PDS/UG43IMPT
2023-04-03 00:03:51.624918 - Found UG43RAW.txt (text/plain) in CBT.V504.FILE404.PDS, moved to PDS/UG43RAW
2023-04-03 00:03:51.626155 - Found UG43TERM.txt (text/plain) in CBT.V504.FILE404.PDS, moved to PDS/UG43TERM
2023-04-03 00:03:51.627131 - Found UNDERTSO.txt (text/plain) in CBT.V504.FILE404.PDS, moved to PDS/UNDERTSO
2023-04-03 00:03:51.628499 - Found USEGDE41.txt (text/plain) in CBT.V504.FILE404.PDS, moved to PDS/USEGDE41
2023-04-03 00:03:51.628515 - Found USEGDE42.bin containing application/octet-stream, moved to PDS/USEGDE42
2023-04-03 00:03:51.631040 - Found VALLOC.txt (text/plain) in CBT.V504.FILE404.PDS, moved to PDS/VALLOC
2023-04-03 00:03:51.632104 - Found VOLSER.txt (text/plain) in CBT.V504.FILE404.PDS, moved to PDS/VOLSER
2023-04-03 00:03:51.633194 - Found WORKS9A.txt (text/plain) in CBT.V504.FILE404.PDS, moved to PDS/WORKS9A
2023-04-03 00:03:51.634408 - Found XSSOSS09.txt (text/plain) in CBT.V504.FILE404.PDS, moved to PDS/XSSOSS09
2023-04-03 00:03:51.635464 - Found XXX.txt (text/plain) in CBT.V504.FILE404.PDS, moved to PDS/XXX
